{"NoLMHash": { "System": { "Provider": { "Name": "Microsoft-Windows-Sysmon", "Guid": "{5770385F-C22A-43E0-BF4C-06F5698FFBD9}" }, "EventID": "13", "Version": "2", "Level": "4", "Task": "13", "Opcode": "0", "Keywords": "0x8000000000000000", "TimeCreated": { "SystemTime": "2023-12-14T15:20:03.196229800Z" }, "EventRecordID": "218424", "Correlation": {}, "Execution": { "ProcessID": "2572", "ThreadID": "2988" }, "Channel": "Microsoft-Windows-Sysmon/Operational", "Computer": "ar-win-dc.attackrange.local", "Security": { "UserID": "S-1-5-18" } }, "EventData": { "RuleName": "-", "EventType": "SetValue", "UtcTime": "2023-12-14 15:20:03.189", "ProcessGuid": "{AE77D3C2-1D23-657B-FC03-000000003403}", "ProcessId": "4108", "Image": "C:\\Windows\\system32\\reg.exe", "TargetObject": "HKLM\\System\\CurrentControlSet\\Control\\Lsa\\DisableRestrictedAdmin", "Details": "DWORD (0x00000000)", "User": "ATTACKRANGE\\Administrator" } }}
{"NoLMHash": { "System": { "Provider": { "Name": "Microsoft-Windows-Sysmon", "Guid": "{5770385F-C22A-43E0-BF4C-06F5698FFBD9}" }, "EventID": "13", "Version": "2", "Level": "4", "Task": "13", "Opcode": "0", "Keywords": "0x8000000000000000", "TimeCreated": { "SystemTime": "2023-12-14T15:20:03.181458000Z" }, "EventRecordID": "218422", "Correlation": {}, "Execution": { "ProcessID": "2572", "ThreadID": "2988" }, "Channel": "Microsoft-Windows-Sysmon/Operational", "Computer": "ar-win-dc.attackrange.local", "Security": { "UserID": "S-1-5-18" } }, "EventData": { "RuleName": "-", "EventType": "SetValue", "UtcTime": "2023-12-14 15:20:03.173", "ProcessGuid": "{AE77D3C2-1D23-657B-FB03-000000003403}", "ProcessId": "4216", "Image": "C:\\Windows\\system32\\reg.exe", "TargetObject": "HKLM\\System\\CurrentControlSet\\Control\\Lsa\\NoLMHash", "Details": "DWORD (0x00000000)", "User": "ATTACKRANGE\\Administrator" } }}
{"NoLMHash": { "System": { "Provider": { "Name": "Microsoft-Windows-Sysmon", "Guid": "{5770385F-C22A-43E0-BF4C-06F5698FFBD9}" }, "EventID": "13", "Version": "2", "Level": "4", "Task": "13", "Opcode": "0", "Keywords": "0x8000000000000000", "TimeCreated": { "SystemTime": "2023-12-14T15:19:30.399960800Z" }, "EventRecordID": "218337", "Correlation": {}, "Execution": { "ProcessID": "2572", "ThreadID": "2988" }, "Channel": "Microsoft-Windows-Sysmon/Operational", "Computer": "ar-win-dc.attackrange.local", "Security": { "UserID": "S-1-5-18" } }, "EventData": { "RuleName": "-", "EventType": "SetValue", "UtcTime": "2023-12-14 15:19:30.384", "ProcessGuid": "{AE77D3C2-1D02-657B-EA03-000000003403}", "ProcessId": "4312", "Image": "C:\\Windows\\system32\\reg.exe", "TargetObject": "HKLM\\System\\CurrentControlSet\\Control\\Lsa\\DisableRestrictedAdmin", "Details": "DWORD (0x00000000)", "User": "ATTACKRANGE\\Administrator" } }}
{"NoLMHash": { "System": { "Provider": { "Name": "Microsoft-Windows-Sysmon", "Guid": "{5770385F-C22A-43E0-BF4C-06F5698FFBD9}" }, "EventID": "13", "Version": "2", "Level": "4", "Task": "13", "Opcode": "0", "Keywords": "0x8000000000000000", "TimeCreated": { "SystemTime": "2023-12-14T15:19:30.389873400Z" }, "EventRecordID": "218335", "Correlation": {}, "Execution": { "ProcessID": "2572", "ThreadID": "2988" }, "Channel": "Microsoft-Windows-Sysmon/Operational", "Computer": "ar-win-dc.attackrange.local", "Security": { "UserID": "S-1-5-18" } }, "EventData": { "RuleName": "-", "EventType": "SetValue", "UtcTime": "2023-12-14 15:19:30.384", "ProcessGuid": "{AE77D3C2-1D02-657B-E903-000000003403}", "ProcessId": "3628", "Image": "C:\\Windows\\system32\\reg.exe", "TargetObject": "HKLM\\System\\CurrentControlSet\\Control\\Lsa\\NoLMHash", "Details": "DWORD (0x00000000)", "User": "ATTACKRANGE\\Administrator" } }}